\BOOKMARK [1][-]{section*.1}{\376\377\000A\000B\000S\000T\000R\000A\000C\000T}{}% 1
\BOOKMARK [1][-]{section*.2}{\376\377\000T\000A\000B\000L\000E\000\040\000O\000F\000\040\000C\000O\000N\000T\000E\000N\000T\000S}{}% 2
\BOOKMARK [1][-]{section*.5}{\376\377\000L\000I\000S\000T\000\040\000O\000F\000\040\000T\000A\000B\000L\000E\000S}{}% 3
\BOOKMARK [1][-]{section*.7}{\376\377\000L\000I\000S\000T\000\040\000O\000F\000\040\000F\000I\000G\000U\000R\000E\000S}{}% 4
\BOOKMARK [1][-]{section*.8}{\376\377\000P\000R\000E\000F\000A\000C\000E}{}% 5
\BOOKMARK [1][-]{section.1}{\376\377\000L\000i\000t\000e\000r\000a\000t\000u\000r\000e\000\040\000R\000e\000v\000i\000e\000w\000:\000\040\000I\000n\000t\000e\000r\000v\000a\000l\000\040\000R\000e\000g\000r\000e\000s\000s\000i\000o\000n}{}% 6
\BOOKMARK [2][-]{subsection.1.1}{\376\377\000A\000F\000T\000\040\000M\000o\000d\000e\000l\000s}{section.1}% 7
\BOOKMARK [3][-]{subsubsection.1.1.1}{\376\377\000O\000r\000i\000g\000i\000n\000a\000l\000\040\000A\000F\000T\000\040\000M\000o\000d\000e\000l}{subsection.1.1}% 8
\BOOKMARK [3][-]{subsubsection.1.1.2}{\376\377\000A\000F\000T\000\040\000M\000o\000d\000e\000l\000\040\000i\000n\000\040\000X\000G\000B\000o\000o\000s\000t}{subsection.1.1}% 9
\BOOKMARK [2][-]{subsection.1.2}{\376\377\000S\000u\000p\000e\000r\000v\000i\000s\000e\000d\000\040\000M\000a\000c\000h\000i\000n\000e\000\040\000L\000e\000a\000r\000n\000i\000n\000g\000\040\000M\000o\000d\000e\000l\000s}{section.1}% 10
\BOOKMARK [3][-]{subsubsection.1.2.1}{\376\377\000L\000i\000n\000e\000a\000r}{subsection.1.2}% 11
\BOOKMARK [3][-]{subsubsection.1.2.2}{\376\377\000T\000r\000e\000e}{subsection.1.2}% 12
\BOOKMARK [1][-]{section.2}{\376\377\000L\000i\000t\000e\000r\000a\000t\000u\000r\000e\000\040\000R\000e\000v\000i\000e\000w\000:\000\040\000O\000p\000t\000i\000m\000a\000l\000\040\000P\000a\000r\000t\000i\000t\000i\000o\000n\000i\000n\000g}{}% 13
\BOOKMARK [2][-]{subsection.2.1}{\376\377\000C\000h\000a\000n\000g\000p\000o\000i\000n\000t\000\040\000D\000e\000t\000e\000c\000t\000i\000o\000n\000\040\000A\000l\000g\000o\000r\000i\000t\000h\000m\000s}{section.2}% 14
\BOOKMARK [2][-]{subsection.2.2}{\376\377\000R\000e\000l\000a\000t\000i\000o\000n\000s\000h\000i\000p\000\040\000b\000e\000t\000w\000e\000e\000n\000\040\000O\000P\000A\000R\000T\000\040\000a\000n\000d\000\040\000I\000n\000t\000e\000r\000v\000a\000l\000\040\000R\000e\000g\000r\000e\000s\000s\000i\000o\000n}{section.2}% 15
\BOOKMARK [1][-]{section.3}{\376\377\000L\000i\000t\000e\000r\000a\000t\000u\000r\000e\000\040\000G\000a\000p\000s\000\040\000a\000n\000d\000\040\000P\000r\000o\000p\000o\000s\000e\000d\000\040\000P\000l\000a\000n\000s}{}% 16
\BOOKMARK [2][-]{subsection.3.1}{\376\377\000I\000n\000t\000e\000v\000a\000l\000\040\000R\000e\000g\000r\000e\000s\000s\000i\000o\000n}{section.3}% 17
\BOOKMARK [2][-]{subsection.3.2}{\376\377\000C\000h\000a\000n\000g\000e\000p\000o\000i\000n\000t\000\040\000D\000e\000t\000e\000c\000t\000i\000o\000n}{section.3}% 18
\BOOKMARK [1][-]{section.4}{\376\377\000M\000y\000\040\000C\000o\000n\000t\000r\000i\000b\000u\000t\000i\000o\000n\000s}{}% 19
\BOOKMARK [2][-]{subsection.4.1}{\376\377\000O\000p\000t\000i\000m\000a\000l\000\040\000P\000a\000r\000t\000i\000t\000i\000o\000n\000i\000n\000g\000\040\000P\000e\000n\000a\000l\000t\000y\000\040\000L\000e\000a\000r\000n\000i\000n\000g\000:\000\040\000M\000L\000P}{section.4}% 20
\BOOKMARK [3][-]{subsubsection.4.1.1}{\376\377\000C\000o\000n\000t\000r\000i\000b\000u\000t\000i\000o\000n}{subsection.4.1}% 21
\BOOKMARK [3][-]{subsubsection.4.1.2}{\376\377\000E\000x\000p\000e\000r\000i\000m\000e\000n\000t\000s\000\040\000a\000n\000d\000\040\000R\000e\000s\000u\000l\000t\000s}{subsection.4.1}% 22
\BOOKMARK [3][-]{subsubsection.4.1.3}{\376\377\000D\000i\000s\000c\000u\000s\000s\000i\000o\000n\000\040\000a\000n\000d\000\040\000C\000o\000n\000c\000l\000u\000s\000i\000o\000n}{subsection.4.1}% 23
\BOOKMARK [2][-]{subsection.4.2}{\376\377\000O\000p\000t\000i\000m\000a\000l\000\040\000P\000a\000r\000t\000i\000t\000i\000o\000n\000i\000n\000g\000\040\000P\000e\000n\000a\000l\000t\000y\000\040\000L\000e\000a\000r\000n\000i\000n\000g\000:\000\040\000R\000e\000c\000u\000r\000r\000e\000n\000t}{section.4}% 24
\BOOKMARK [3][-]{subsubsection.4.2.1}{\376\377\000C\000o\000n\000t\000r\000i\000b\000u\000t\000i\000o\000n}{subsection.4.2}% 25
\BOOKMARK [3][-]{subsubsection.4.2.2}{\376\377\000E\000x\000p\000e\000r\000i\000m\000e\000n\000t\000s\000\040\000a\000n\000d\000\040\000R\000e\000s\000u\000l\000t\000s}{subsection.4.2}% 26
\BOOKMARK [3][-]{subsubsection.4.2.3}{\376\377\000D\000i\000s\000c\000u\000s\000s\000i\000o\000n\000\040\000a\000n\000d\000\040\000C\000o\000n\000c\000l\000u\000s\000i\000o\000n}{subsection.4.2}% 27
\BOOKMARK [2][-]{subsection.4.3}{\376\377\000I\000n\000t\000e\000r\000v\000a\000l\000\040\000R\000e\000g\000r\000e\000s\000s\000i\000o\000n\000:\000\040\000R\000e\000v\000i\000e\000w}{section.4}% 28
\BOOKMARK [3][-]{subsubsection.4.3.1}{\376\377\000C\000o\000n\000t\000r\000i\000b\000u\000t\000i\000o\000n}{subsection.4.3}% 29
\BOOKMARK [3][-]{subsubsection.4.3.2}{\376\377\000E\000x\000p\000e\000r\000i\000m\000e\000n\000t\000s\000\040\000a\000n\000d\000\040\000R\000e\000s\000u\000l\000t\000s}{subsection.4.3}% 30
\BOOKMARK [3][-]{subsubsection.4.3.3}{\376\377\000D\000i\000s\000c\000u\000s\000s\000i\000o\000n\000s\000\040\000a\000n\000d\000\040\000C\000o\000n\000c\000l\000u\000s\000i\000o\000n\000s}{subsection.4.3}% 31
